  TGEdgebarDialog.cpp
D:\visualstudio\project\TGCAD\TGCAD\DEMO\TGEdgebarDialog.cpp(1,10): fatal error C1083: Cannot open include file: 'stdafx.h': No such file or directory
  TGPopupDialog.cpp
D:\visualstudio\project\TGCAD\TGCAD\DEMO\TGPopupDialog.cpp(1,10): fatal error C1083: Cannot open include file: 'pch.h': No such file or directory
  TGUserCmdEdgebar.cpp
D:\visualstudio\project\TGCAD\TGCAD\DEMO\TGUserCmdEdgebar.cpp(1,10): fatal error C1083: Cannot open include file: 'stdafx.h': No such file or directory
  TGUserCmdPopup.cpp
D:\visualstudio\project\TGCAD\TGCAD\DEMO\TGUserCmdPopup.cpp(1,10): fatal error C1083: Cannot open include file: 'stdafx.h': No such file or directory
  stdafx.cpp
D:\visualstudio\project\TGCAD\TGCAD\stdafx.h(158,1): fatal error C1083: Cannot open type library file: 'tgconstant.tlb': No such file or directory
  TGCADApp.cpp
D:\visualstudio\project\TGCAD\TGCAD\stdafx.h(158,1): fatal error C1083: Cannot open type library file: 'tgconstant.tlb': No such file or directory
  TGCmdBase.cpp
D:\visualstudio\project\TGCAD\TGCAD\TGCMDS\TGCmdBase.cpp(1,10): fatal error C1083: Cannot open include file: 'stdafx.h': No such file or directory
  TGCmdManager.cpp
D:\visualstudio\project\TGCAD\TGCAD\TGCMDS\TGCmdManager.cpp(1,10): fatal error C1083: Cannot open include file: 'stdafx.h': No such file or directory
  RegTGCAD.cpp
D:\visualstudio\project\TGCAD\TGCAD\TGCORE\RegTGCAD.cpp(1,10): fatal error C1083: Cannot open include file: 'stdafx.h': No such file or directory
  TGCAD.cpp
D:\visualstudio\project\TGCAD\TGCAD\TGCORE\TGCAD.cpp(1,10): fatal error C1083: Cannot open include file: 'stdafx.h': No such file or directory
  TGUIManager.cpp
D:\visualstudio\project\TGCAD\TGCAD\TGCORE\TGUIManager.cpp(1,10): fatal error C1083: Cannot open include file: 'stdafx.h': No such file or directory
  TGDialog.cpp
D:\visualstudio\project\TGCAD\TGCAD\TGDIALOGS\TGDialog.cpp(1,10): fatal error C1083: Cannot open include file: 'stdafx.h': No such file or directory
  TGEdgebar.cpp
D:\visualstudio\project\TGCAD\TGCAD\TGDIALOGS\TGEdgebar.cpp(1,10): fatal error C1083: Cannot open include file: 'stdafx.h': No such file or directory
  TGEdgebarparent.cpp
D:\visualstudio\project\TGCAD\TGCAD\TGDIALOGS\TGEdgebarparent.cpp(1,10): fatal error C1083: Cannot open include file: 'stdafx.h': No such file or directory
  NDSFileHelper.cpp
D:\visualstudio\project\TGCAD\TGCAD\TGHELPER\NDSFileHelper.cpp(1,10): fatal error C1083: Cannot open include file: 'stdafx.h': No such file or directory
  NDSStringHelper.cpp
D:\visualstudio\project\TGCAD\TGCAD\TGHELPER\NDSStringHelper.cpp(1,10): fatal error C1083: Cannot open include file: 'stdafx.h': No such file or directory
  TGHelper.cpp
D:\visualstudio\project\TGCAD\TGCAD\TGHELPER\TGHelper.cpp(1,10): fatal error C1083: Cannot open include file: 'stdafx.h': No such file or directory
  tinyxml2.cpp
D:\visualstudio\project\TGCAD\TGCAD\TGHELPER\tinyxml2.cpp(24,10): fatal error C1083: Cannot open include file: 'stdafx.h': No such file or directory
  util.cpp
D:\visualstudio\project\TGCAD\TGCAD\TGHELPER\util.cpp(1,10): fatal error C1083: Cannot open include file: 'stdafx.h': No such file or directory
  TGEventManager.cpp
D:\visualstudio\project\TGCAD\TGCAD\TGMANAGER\TGEventManager.cpp(1,10): fatal error C1083: Cannot open include file: 'stdafx.h': No such file or directory
  Generating Code...
