d:\visualstudio\project\tgcad\tgcad\x64\debug\tgcad.pch
d:\visualstudio\project\tgcad\tgcad\x64\debug\vc143.pdb
d:\visualstudio\project\tgcad\tgcad\x64\debug\vc143.idb
d:\visualstudio\project\tgcad\tgcad\x64\debug\stdafx.obj
d:\visualstudio\project\tgcad\tgcad\x64\debug\tghelper.obj
d:\visualstudio\project\tgcad\tgcad\x64\debug\ndsstringhelper.obj
d:\visualstudio\project\tgcad\tgcad\x64\debug\ndsfilehelper.obj
d:\visualstudio\project\tgcad\tgcad\x64\debug\tgedgebarparent.obj
d:\visualstudio\project\tgcad\tgcad\x64\debug\tgedgebar.obj
d:\visualstudio\project\tgcad\tgcad\x64\debug\tgdialog.obj
d:\visualstudio\project\tgcad\tgcad\x64\debug\tguimanager.obj
d:\visualstudio\project\tgcad\tgcad\x64\debug\tgcad.obj
d:\visualstudio\project\tgcad\tgcad\x64\debug\regtgcad.obj
d:\visualstudio\project\tgcad\tgcad\x64\debug\tgcmdmanager.obj
d:\visualstudio\project\tgcad\tgcad\x64\debug\tgcmdbase.obj
d:\visualstudio\project\tgcad\tgcad\x64\debug\tgcadapp.obj
d:\visualstudio\project\tgcad\tgcad\x64\debug\savecmd.obj
d:\visualstudio\project\tgcad\tgcad\x64\debug\func.obj
d:\visualstudio\project\tgcad\tgcad\x64\debug\mydialog.obj
d:\visualstudio\project\tgcad\tgcad\x64\debug\dialogcmd.obj
d:\visualstudio\project\tgcad\tgcad\x64\debug\tgusercmdpopup.obj
d:\visualstudio\project\tgcad\tgcad\x64\debug\tgusercmdedgebar.obj
d:\visualstudio\project\tgcad\tgcad\x64\debug\tgpopupdialog.obj
d:\visualstudio\project\tgcad\tgcad\x64\debug\tgedgebardialog.obj
d:\visualstudio\project\tgcad\tgcad\x64\debug\tgusercmd.obj
d:\visualstudio\project\tgcad\tgcad\x64\debug\tgeventmanager.obj
d:\visualstudio\project\tgcad\tgcad\x64\debug\util.obj
d:\visualstudio\project\tgcad\tgcad\x64\debug\tinyxml2.obj
d:\visualstudio\project\tgcad\bin\debug\tgcad.dll
d:\visualstudio\project\tgcad\tgcad\x64\debug\tgcad.ilk
d:\visualstudio\project\tgcad\bin\debug\tgcad.pdb
d:\visualstudio\project\tgcad\tgcad\x64\debug\tgcad.res
d:\visualstudio\project\tgcad\bin\debug\tgcad.lib
d:\visualstudio\project\tgcad\bin\debug\tgcad.exp
d:\visualstudio\project\tgcad\tgcad\x64\debug\tgassembly.tli
d:\visualstudio\project\tgcad\tgcad\x64\debug\tgdraft.tli
d:\visualstudio\project\tgcad\tgcad\x64\debug\tgframewrk.tli
d:\visualstudio\project\tgcad\tgcad\x64\debug\tgfwksupp.tli
d:\visualstudio\project\tgcad\tgcad\x64\debug\tggeometry.tli
d:\visualstudio\project\tgcad\tgcad\x64\debug\tgpart.tli
d:\visualstudio\project\tgcad\tgcad\x64\debug\tgassembly.tlh
d:\visualstudio\project\tgcad\tgcad\x64\debug\tgconstant.tlh
d:\visualstudio\project\tgcad\tgcad\x64\debug\tgdraft.tlh
d:\visualstudio\project\tgcad\tgcad\x64\debug\tgframewrk.tlh
d:\visualstudio\project\tgcad\tgcad\x64\debug\tgfwksupp.tlh
d:\visualstudio\project\tgcad\tgcad\x64\debug\tggeometry.tlh
d:\visualstudio\project\tgcad\tgcad\x64\debug\tgpart.tlh
d:\visualstudio\project\tgcad\tgcad\x64\debug\tgcad.tlog\cl.command.1.tlog
d:\visualstudio\project\tgcad\tgcad\x64\debug\tgcad.tlog\cl.read.1.tlog
d:\visualstudio\project\tgcad\tgcad\x64\debug\tgcad.tlog\cl.write.1.tlog
d:\visualstudio\project\tgcad\tgcad\x64\debug\tgcad.tlog\link.command.1.tlog
d:\visualstudio\project\tgcad\tgcad\x64\debug\tgcad.tlog\link.read.1.tlog
d:\visualstudio\project\tgcad\tgcad\x64\debug\tgcad.tlog\link.write.1.tlog
d:\visualstudio\project\tgcad\tgcad\x64\debug\tgcad.tlog\rc.command.1.tlog
d:\visualstudio\project\tgcad\tgcad\x64\debug\tgcad.tlog\rc.read.1.tlog
d:\visualstudio\project\tgcad\tgcad\x64\debug\tgcad.tlog\rc.write.1.tlog
d:\visualstudio\project\tgcad\tgcad\x64\debug\tgcad.tlog\tgcad.write.1u.tlog
